Using pre-set license
Built from '2020.3/staging' branch; Version is '2020.3.48f1 (b805b124c6b7) revision 12060081'; Using compiler version '192528614'; Build Type 'Release'
OS: 'Windows 11  (10.0.22621) 64bit Professional' Language: 'pt' Physical Memory: 8089 MB
BatchMode: 1, IsHumanControllingUs: 0, StartBugReporterOnCrash: 0, Is64bit: 1, IsPro: 0

COMMAND LINE ARGUMENTS:
C:\Program Files\Unity\Hub\Editor\2020.3.48f1\Editor\Unity.exe
-adb2
-batchMode
-noUpm
-name
AssetImportWorker0
-projectPath
C:/Repos/Unity 3D/SpaceBoost
-logFile
Logs/AssetImportWorker0.log
-srvPort
55177
Successfully changed project path to: C:/Repos/Unity 3D/SpaceBoost
C:/Repos/Unity 3D/SpaceBoost
Using Asset Import Pipeline V2.
Player connection [9188] Host "[IP] 192.168.15.23 [Port] 3221442976 [Flags] 2 [Guid] 4199994963 [EditorId] 4199994963 [Version] 1048832 [Id] WindowsEditor(7,DESKTOP-OUBE6KN) [Debug] 1 [PackageName] WindowsEditor [ProjectName] Editor" joined multi-casting on [225.0.0.222:54997]...

Player connection [9188] Host "[IP] 192.168.15.23 [Port] 3221442976 [Flags] 2 [Guid] 4199994963 [EditorId] 4199994963 [Version] 1048832 [Id] WindowsEditor(7,DESKTOP-OUBE6KN) [Debug] 1 [PackageName] WindowsEditor [ProjectName] Editor" joined alternative multi-casting on [225.0.0.222:34997]...

Refreshing native plugins compatible for Editor in 63.63 ms, found 2 plugins.
Preloading 0 native plugins for Editor in 0.00 ms.
Initialize engine version: 2020.3.48f1 (b805b124c6b7)
[Subsystems] Discovering subsystems at path C:/Program Files/Unity/Hub/Editor/2020.3.48f1/Editor/Data/Resources/UnitySubsystems
[Subsystems] Discovering subsystems at path C:/Repos/Unity 3D/SpaceBoost/Assets
GfxDevice: creating device client; threaded=0
Direct3D:
    Version:  Direct3D 11.0 [level 11.1]
    Renderer: AMD Radeon R7 M460 (ID=0x6900)
    Vendor:   
    VRAM:     2038 MB
    Driver:   27.20.1034.6
Initialize mono
Mono path[0] = 'C:/Program Files/Unity/Hub/Editor/2020.3.48f1/Editor/Data/Managed'
Mono path[1] = 'C:/Program Files/Unity/Hub/Editor/2020.3.48f1/Editor/Data/MonoBleedingEdge/lib/mono/unityjit'
Mono config path = 'C:/Program Files/Unity/Hub/Editor/2020.3.48f1/Editor/Data/MonoBleedingEdge/etc'
Using monoOptions --debugger-agent=transport=dt_socket,embedding=1,server=y,suspend=n,address=127.0.0.1:56064
Begin MonoManager ReloadAssembly
Registering precompiled unity dll's ...
Register platform support module: C:/Program Files/Unity/Hub/Editor/2020.3.48f1/Editor/Data/PlaybackEngines/WebGLSupport/UnityEditor.WebGL.Extensions.dll
Register platform support module: C:/Program Files/Unity/Hub/Editor/2020.3.48f1/Editor/Data/PlaybackEngines/WindowsStandaloneSupport/UnityEditor.WindowsStandalone.Extensions.dll
Registered in 0.006057 seconds.
Native extension for WindowsStandalone target not found
Native extension for WebGL target not found
Refreshing native plugins compatible for Editor in 50.82 ms, found 2 plugins.
Preloading 0 native plugins for Editor in 0.00 ms.
Mono: successfully reloaded assembly
- Completed reload, in  1.276 seconds
Domain Reload Profiling:
	ReloadAssembly (1276ms)
		BeginReloadAssembly (126ms)
			ExecutionOrderSort (0ms)
			DisableScriptedObjects (0ms)
			BackupInstance (0ms)
			ReleaseScriptingObjects (0ms)
			CreateAndSetChildDomain (2ms)
		EndReloadAssembly (1001ms)
			LoadAssemblies (125ms)
			RebuildTransferFunctionScriptingTraits (0ms)
			SetupTypeCache (401ms)
			ReleaseScriptCaches (0ms)
			RebuildScriptCaches (59ms)
			SetupLoadedEditorAssemblies (333ms)
				LogAssemblyErrors (0ms)
				InitializePlatformSupportModulesInManaged (15ms)
				SetLoadedEditorAssemblies (0ms)
				RefreshPlugins (51ms)
				BeforeProcessingInitializeOnLoad (20ms)
				ProcessInitializeOnLoadAttributes (179ms)
				ProcessInitializeOnLoadMethodAttributes (67ms)
				AfterProcessingInitializeOnLoad (0ms)
				EditorAssembliesLoaded (0ms)
			ExecutionOrderSort2 (0ms)
			AwakeInstancesAfterBackupRestoration (0ms)
Platform modules already initialized, skipping
Registering precompiled user dll's ...
Registered in 0.003503 seconds.
Begin MonoManager ReloadAssembly
Native extension for WindowsStandalone target not found
Native extension for WebGL target not found
Refreshing native plugins compatible for Editor in 0.30 ms, found 2 plugins.
Preloading 0 native plugins for Editor in 0.00 ms.
Mono: successfully reloaded assembly
- Completed reload, in  1.747 seconds
Domain Reload Profiling:
	ReloadAssembly (1749ms)
		BeginReloadAssembly (302ms)
			ExecutionOrderSort (0ms)
			DisableScriptedObjects (9ms)
			BackupInstance (0ms)
			ReleaseScriptingObjects (0ms)
			CreateAndSetChildDomain (50ms)
		EndReloadAssembly (1332ms)
			LoadAssemblies (188ms)
			RebuildTransferFunctionScriptingTraits (0ms)
			SetupTypeCache (569ms)
			ReleaseScriptCaches (1ms)
			RebuildScriptCaches (78ms)
			SetupLoadedEditorAssemblies (394ms)
				LogAssemblyErrors (0ms)
				InitializePlatformSupportModulesInManaged (6ms)
				SetLoadedEditorAssemblies (1ms)
				RefreshPlugins (0ms)
				BeforeProcessingInitializeOnLoad (98ms)
				ProcessInitializeOnLoadAttributes (273ms)
				ProcessInitializeOnLoadMethodAttributes (10ms)
				AfterProcessingInitializeOnLoad (6ms)
				EditorAssembliesLoaded (0ms)
			ExecutionOrderSort2 (0ms)
			AwakeInstancesAfterBackupRestoration (2ms)
Platform modules already initialized, skipping
========================================================================
Worker process is ready to serve import requests
Launched and connected shader compiler UnityShaderCompiler.exe after 0.07 seconds
Refreshing native plugins compatible for Editor in 0.30 ms, found 2 plugins.
Preloading 0 native plugins for Editor in 0.00 ms.
Unloading 1320 Unused Serialized files (Serialized files now loaded: 0)
System memory in use before: 63.8 MB.
System memory in use after: 63.8 MB.

Unloading 17 unused Assets to reduce memory usage. Loaded Objects now: 1756.
Total: 2.920000 ms (FindLiveObjects: 0.125900 ms CreateObjectMapping: 0.038300 ms MarkObjects: 2.669100 ms  DeleteObjects: 0.086000 ms)

AssetImportParameters requested are different than current active one (requested -> active):
  custom:framework-win-MediaFoundation: 216162199b28c13a410421893ffa2e32 -> 
  custom:video-decoder-ogg-theora: a1e56fd34408186e4bbccfd4996cb3dc -> 
  custom:container-muxer-webm: aa71ff27fc2769a1b78a27578f13a17b -> 
  custom:container-demuxer-webm: 4f35f7cbe854078d1ac9338744f61a02 -> 
  custom:container-demuxer-ogg: 62fdf1f143b41e24485cea50d1cbac27 -> 
  custom:video-encoder-webm-vp8: eb34c28f22e8b96e1ab97ce403110664 -> 
  custom:video-decoder-webm-vp8: 9c59270c3fd7afecdb556c50c9e8de78 -> 
  custom:audio-decoder-ogg-vorbis: bf7c407c2cedff20999df2af8eb42d56 -> 
  custom:audio-encoder-webm-vorbis: bf7c407c2cedff20999df2af8eb42d56 -> 
========================================================================
Received Import Request.
  path: Assets/Prefabs/Rocket.prefab
  artifactKey: Guid(3892dac20f019cd448da096563cc04e3) Importer(815301076,1909f56bfc062723c751e8b465ee728b)
Start importing Assets/Prefabs/Rocket.prefab using Guid(3892dac20f019cd448da096563cc04e3) Importer(815301076,1909f56bfc062723c751e8b465ee728b)  -> (artifact id: 'ced7b8475f95560eca9b12eca78e8926') in 0.181629 seconds 
========================================================================
Received Import Request.
  Time since last request: 56.101040 seconds.
  path: Assets/Prefabs/Rocket.prefab
  artifactKey: Guid(3892dac20f019cd448da096563cc04e3) Importer(815301076,1909f56bfc062723c751e8b465ee728b)
Start importing Assets/Prefabs/Rocket.prefab using Guid(3892dac20f019cd448da096563cc04e3) Importer(815301076,1909f56bfc062723c751e8b465ee728b)  -> (artifact id: 'c3eccc5ee743e126ad8aac5148199e9e') in 0.044085 seconds 
========================================================================
Received Import Request.
  Time since last request: 0.725466 seconds.
  path: Assets/Prefabs/Rocket.prefab
  artifactKey: Guid(3892dac20f019cd448da096563cc04e3) Importer(815301076,1909f56bfc062723c751e8b465ee728b)
Start importing Assets/Prefabs/Rocket.prefab using Guid(3892dac20f019cd448da096563cc04e3) Importer(815301076,1909f56bfc062723c751e8b465ee728b)  -> (artifact id: 'a9ce58ca46d26fb7291770c66f02b9de') in 0.019729 seconds 
========================================================================
Received Import Request.
  Time since last request: 21.994889 seconds.
  path: Assets/Prefabs/Rocket.prefab
  artifactKey: Guid(3892dac20f019cd448da096563cc04e3) Importer(815301076,1909f56bfc062723c751e8b465ee728b)
Start importing Assets/Prefabs/Rocket.prefab using Guid(3892dac20f019cd448da096563cc04e3) Importer(815301076,1909f56bfc062723c751e8b465ee728b)  -> (artifact id: 'cc04f6c2363baab2dede074cfb3f8496') in 0.044887 seconds 
========================================================================
Received Import Request.
  Time since last request: 5.034158 seconds.
  path: Assets/Prefabs/Rocket.prefab
  artifactKey: Guid(3892dac20f019cd448da096563cc04e3) Importer(815301076,1909f56bfc062723c751e8b465ee728b)
Start importing Assets/Prefabs/Rocket.prefab using Guid(3892dac20f019cd448da096563cc04e3) Importer(815301076,1909f56bfc062723c751e8b465ee728b)  -> (artifact id: '3130764a3c36fe25504ce28d0bbd382e') in 0.029585 seconds 
========================================================================
Received Import Request.
  Time since last request: 2.862450 seconds.
  path: Assets/Prefabs/Rocket.prefab
  artifactKey: Guid(3892dac20f019cd448da096563cc04e3) Importer(815301076,1909f56bfc062723c751e8b465ee728b)
Start importing Assets/Prefabs/Rocket.prefab using Guid(3892dac20f019cd448da096563cc04e3) Importer(815301076,1909f56bfc062723c751e8b465ee728b)  -> (artifact id: '6d7d9bfedc9907c257b8f3a31253af9b') in 0.022146 seconds 
========================================================================
Received Import Request.
  Time since last request: 14.483273 seconds.
  path: Assets/Prefabs/Rocket.prefab
  artifactKey: Guid(3892dac20f019cd448da096563cc04e3) Importer(815301076,1909f56bfc062723c751e8b465ee728b)
Start importing Assets/Prefabs/Rocket.prefab using Guid(3892dac20f019cd448da096563cc04e3) Importer(815301076,1909f56bfc062723c751e8b465ee728b)  -> (artifact id: 'b779cf16a753f8dbf8285ffd7817a2db') in 0.011954 seconds 
========================================================================
Received Import Request.
  Time since last request: 13.835995 seconds.
  path: Assets/Prefabs/Rocket.prefab
  artifactKey: Guid(3892dac20f019cd448da096563cc04e3) Importer(815301076,1909f56bfc062723c751e8b465ee728b)
Start importing Assets/Prefabs/Rocket.prefab using Guid(3892dac20f019cd448da096563cc04e3) Importer(815301076,1909f56bfc062723c751e8b465ee728b)  -> (artifact id: '8f9880056e076a9818a1554a480242a4') in 0.012404 seconds 
========================================================================
Received Import Request.
  Time since last request: 2.414009 seconds.
  path: Assets/Prefabs/Rocket.prefab
  artifactKey: Guid(3892dac20f019cd448da096563cc04e3) Importer(815301076,1909f56bfc062723c751e8b465ee728b)
Start importing Assets/Prefabs/Rocket.prefab using Guid(3892dac20f019cd448da096563cc04e3) Importer(815301076,1909f56bfc062723c751e8b465ee728b)  -> (artifact id: '4b84f3c6e38ac22e20d5f663be56e3c6') in 0.022496 seconds 
========================================================================
Received Import Request.
  Time since last request: 19.383554 seconds.
  path: Assets/Prefabs/Rocket.prefab
  artifactKey: Guid(3892dac20f019cd448da096563cc04e3) Importer(815301076,1909f56bfc062723c751e8b465ee728b)
Start importing Assets/Prefabs/Rocket.prefab using Guid(3892dac20f019cd448da096563cc04e3) Importer(815301076,1909f56bfc062723c751e8b465ee728b)  -> (artifact id: 'f797533f7016c05165ad17a0b2c975f0') in 0.022120 seconds 
========================================================================
Received Import Request.
  Time since last request: 6.715227 seconds.
  path: Assets/Prefabs/Rocket.prefab
  artifactKey: Guid(3892dac20f019cd448da096563cc04e3) Importer(815301076,1909f56bfc062723c751e8b465ee728b)
Start importing Assets/Prefabs/Rocket.prefab using Guid(3892dac20f019cd448da096563cc04e3) Importer(815301076,1909f56bfc062723c751e8b465ee728b)  -> (artifact id: '999bf8c8509a769fba64585f705e6d6f') in 0.023894 seconds 
========================================================================
Received Import Request.
  Time since last request: 22.873880 seconds.
  path: Assets/Prefabs/Rocket.prefab
  artifactKey: Guid(3892dac20f019cd448da096563cc04e3) Importer(815301076,1909f56bfc062723c751e8b465ee728b)
Start importing Assets/Prefabs/Rocket.prefab using Guid(3892dac20f019cd448da096563cc04e3) Importer(815301076,1909f56bfc062723c751e8b465ee728b)  -> (artifact id: 'c4a5761a77ec764b4accb73b1cc3b5ab') in 0.012142 seconds 
========================================================================
Received Import Request.
  Time since last request: 11.502925 seconds.
  path: Assets/Prefabs/Rocket.prefab
  artifactKey: Guid(3892dac20f019cd448da096563cc04e3) Importer(815301076,1909f56bfc062723c751e8b465ee728b)
Start importing Assets/Prefabs/Rocket.prefab using Guid(3892dac20f019cd448da096563cc04e3) Importer(815301076,1909f56bfc062723c751e8b465ee728b)  -> (artifact id: '1eeef74ae03e055e781e3e8f1e6762e7') in 0.028368 seconds 
========================================================================
Received Import Request.
  Time since last request: 3.591861 seconds.
  path: Assets/Prefabs/Rocket.prefab
  artifactKey: Guid(3892dac20f019cd448da096563cc04e3) Importer(815301076,1909f56bfc062723c751e8b465ee728b)
Start importing Assets/Prefabs/Rocket.prefab using Guid(3892dac20f019cd448da096563cc04e3) Importer(815301076,1909f56bfc062723c751e8b465ee728b)  -> (artifact id: '8dc435e1eda1056644d03ddaccceedbf') in 0.024374 seconds 
========================================================================
Received Import Request.
  Time since last request: 11.921020 seconds.
  path: Assets/Prefabs/Rocket.prefab
  artifactKey: Guid(3892dac20f019cd448da096563cc04e3) Importer(815301076,1909f56bfc062723c751e8b465ee728b)
Start importing Assets/Prefabs/Rocket.prefab using Guid(3892dac20f019cd448da096563cc04e3) Importer(815301076,1909f56bfc062723c751e8b465ee728b)  -> (artifact id: '8feae4647e6527e567be596ad44ecb3b') in 0.027113 seconds 
========================================================================
Received Import Request.
  Time since last request: 8.289812 seconds.
  path: Assets/Prefabs/Rocket.prefab
  artifactKey: Guid(3892dac20f019cd448da096563cc04e3) Importer(815301076,1909f56bfc062723c751e8b465ee728b)
Start importing Assets/Prefabs/Rocket.prefab using Guid(3892dac20f019cd448da096563cc04e3) Importer(815301076,1909f56bfc062723c751e8b465ee728b)  -> (artifact id: '48efe9c97dc167d4a0cfadcf5232234c') in 0.025403 seconds 
========================================================================
Received Import Request.
  Time since last request: 13.634182 seconds.
  path: Assets/Prefabs/Rocket.prefab
  artifactKey: Guid(3892dac20f019cd448da096563cc04e3) Importer(815301076,1909f56bfc062723c751e8b465ee728b)
Start importing Assets/Prefabs/Rocket.prefab using Guid(3892dac20f019cd448da096563cc04e3) Importer(815301076,1909f56bfc062723c751e8b465ee728b)  -> (artifact id: '6ae333dfcdce048c0df316f18c2983ab') in 0.020797 seconds 
========================================================================
Received Import Request.
  Time since last request: 5.216072 seconds.
  path: Assets/Prefabs/Rocket.prefab
  artifactKey: Guid(3892dac20f019cd448da096563cc04e3) Importer(815301076,1909f56bfc062723c751e8b465ee728b)
Start importing Assets/Prefabs/Rocket.prefab using Guid(3892dac20f019cd448da096563cc04e3) Importer(815301076,1909f56bfc062723c751e8b465ee728b)  -> (artifact id: '7c7b812bcc5fa51052fb6c5d95881ad7') in 0.023454 seconds 
========================================================================
Received Import Request.
  Time since last request: 48.055667 seconds.
  path: Assets/Prefabs/Rocket.prefab
  artifactKey: Guid(3892dac20f019cd448da096563cc04e3) Importer(815301076,1909f56bfc062723c751e8b465ee728b)
Start importing Assets/Prefabs/Rocket.prefab using Guid(3892dac20f019cd448da096563cc04e3) Importer(815301076,1909f56bfc062723c751e8b465ee728b)  -> (artifact id: 'ce1738cffa4588d5e3e05b89b4ddd26e') in 0.058854 seconds 
========================================================================
Received Import Request.
  Time since last request: 70.019209 seconds.
  path: Assets/Prefabs/Rocket.prefab
  artifactKey: Guid(3892dac20f019cd448da096563cc04e3) Importer(815301076,1909f56bfc062723c751e8b465ee728b)
Start importing Assets/Prefabs/Rocket.prefab using Guid(3892dac20f019cd448da096563cc04e3) Importer(815301076,1909f56bfc062723c751e8b465ee728b)  -> (artifact id: '54209e8e83b3e8d52f6b794038424f04') in 0.021607 seconds 
========================================================================
Received Import Request.
  Time since last request: 47.981797 seconds.
  path: Assets/Prefabs/Rocket.prefab
  artifactKey: Guid(3892dac20f019cd448da096563cc04e3) Importer(815301076,1909f56bfc062723c751e8b465ee728b)
Start importing Assets/Prefabs/Rocket.prefab using Guid(3892dac20f019cd448da096563cc04e3) Importer(815301076,1909f56bfc062723c751e8b465ee728b)  -> (artifact id: 'db0ff263a1dbecd1fc317c7f0f2c0b8c') in 0.043295 seconds 
========================================================================
Received Import Request.
  Time since last request: 12.454093 seconds.
  path: Assets/Prefabs/Rocket.prefab
  artifactKey: Guid(3892dac20f019cd448da096563cc04e3) Importer(815301076,1909f56bfc062723c751e8b465ee728b)
Start importing Assets/Prefabs/Rocket.prefab using Guid(3892dac20f019cd448da096563cc04e3) Importer(815301076,1909f56bfc062723c751e8b465ee728b)  -> (artifact id: '4313e9e586e518e83d6ba74a95277cf5') in 0.027873 seconds 
========================================================================
Received Import Request.
  Time since last request: 8.050399 seconds.
  path: Assets/Prefabs/Rocket.prefab
  artifactKey: Guid(3892dac20f019cd448da096563cc04e3) Importer(815301076,1909f56bfc062723c751e8b465ee728b)
Start importing Assets/Prefabs/Rocket.prefab using Guid(3892dac20f019cd448da096563cc04e3) Importer(815301076,1909f56bfc062723c751e8b465ee728b)  -> (artifact id: '7f7b07d33864275f7374871b3df00896') in 0.023167 seconds 
========================================================================
Received Import Request.
  Time since last request: 10.111560 seconds.
  path: Assets/Prefabs/Rocket.prefab
  artifactKey: Guid(3892dac20f019cd448da096563cc04e3) Importer(815301076,1909f56bfc062723c751e8b465ee728b)
Start importing Assets/Prefabs/Rocket.prefab using Guid(3892dac20f019cd448da096563cc04e3) Importer(815301076,1909f56bfc062723c751e8b465ee728b)  -> (artifact id: 'e0300dd66dc08044babae385270a8603') in 0.022936 seconds 
========================================================================
Received Import Request.
  Time since last request: 16.316756 seconds.
  path: Assets/Prefabs/Rocket.prefab
  artifactKey: Guid(3892dac20f019cd448da096563cc04e3) Importer(815301076,1909f56bfc062723c751e8b465ee728b)
Start importing Assets/Prefabs/Rocket.prefab using Guid(3892dac20f019cd448da096563cc04e3) Importer(815301076,1909f56bfc062723c751e8b465ee728b)  -> (artifact id: '08b3c7c68c5f0b5e0c4dc5bd4a8e7f93') in 0.026232 seconds 
========================================================================
Received Import Request.
  Time since last request: 20.191330 seconds.
  path: Assets/Prefabs/Rocket.prefab
  artifactKey: Guid(3892dac20f019cd448da096563cc04e3) Importer(815301076,1909f56bfc062723c751e8b465ee728b)
Start importing Assets/Prefabs/Rocket.prefab using Guid(3892dac20f019cd448da096563cc04e3) Importer(815301076,1909f56bfc062723c751e8b465ee728b)  -> (artifact id: 'ec701227b180fa6a5af82a98fe2d9aa3') in 0.022653 seconds 
========================================================================
Received Import Request.
  Time since last request: 14.303256 seconds.
  path: Assets/Prefabs/Rocket.prefab
  artifactKey: Guid(3892dac20f019cd448da096563cc04e3) Importer(815301076,1909f56bfc062723c751e8b465ee728b)
Start importing Assets/Prefabs/Rocket.prefab using Guid(3892dac20f019cd448da096563cc04e3) Importer(815301076,1909f56bfc062723c751e8b465ee728b)  -> (artifact id: '28b3efb545a61fafe2508c08272d9a7a') in 0.012177 seconds 
========================================================================
Received Import Request.
  Time since last request: 36.924027 seconds.
  path: Assets/Prefabs/Rocket.prefab
  artifactKey: Guid(3892dac20f019cd448da096563cc04e3) Importer(815301076,1909f56bfc062723c751e8b465ee728b)
Start importing Assets/Prefabs/Rocket.prefab using Guid(3892dac20f019cd448da096563cc04e3) Importer(815301076,1909f56bfc062723c751e8b465ee728b)  -> (artifact id: '844b5fcb8d99b16ad051534c869f4690') in 0.026748 seconds 
========================================================================
Received Import Request.
  Time since last request: 15.352396 seconds.
  path: Assets/Prefabs/Rocket.prefab
  artifactKey: Guid(3892dac20f019cd448da096563cc04e3) Importer(815301076,1909f56bfc062723c751e8b465ee728b)
Start importing Assets/Prefabs/Rocket.prefab using Guid(3892dac20f019cd448da096563cc04e3) Importer(815301076,1909f56bfc062723c751e8b465ee728b)  -> (artifact id: 'cab110377481d950cfcc5382ff3ff1b2') in 0.060555 seconds 
========================================================================
Received Import Request.
  Time since last request: 16.652024 seconds.
  path: Assets/Prefabs/Rocket.prefab
  artifactKey: Guid(3892dac20f019cd448da096563cc04e3) Importer(815301076,1909f56bfc062723c751e8b465ee728b)
Start importing Assets/Prefabs/Rocket.prefab using Guid(3892dac20f019cd448da096563cc04e3) Importer(815301076,1909f56bfc062723c751e8b465ee728b)  -> (artifact id: 'd73ad5f9c83a77fe43a7233fedaa59f2') in 0.022903 seconds 
========================================================================
Received Import Request.
  Time since last request: 12.335421 seconds.
  path: Assets/Prefabs/Rocket.prefab
  artifactKey: Guid(3892dac20f019cd448da096563cc04e3) Importer(815301076,1909f56bfc062723c751e8b465ee728b)
Start importing Assets/Prefabs/Rocket.prefab using Guid(3892dac20f019cd448da096563cc04e3) Importer(815301076,1909f56bfc062723c751e8b465ee728b)  -> (artifact id: '9900175c56ded0aeb4a2b69a8a7fe507') in 0.022642 seconds 
========================================================================
Received Import Request.
  Time since last request: 5.026162 seconds.
  path: Assets/Prefabs/Rocket.prefab
  artifactKey: Guid(3892dac20f019cd448da096563cc04e3) Importer(815301076,1909f56bfc062723c751e8b465ee728b)
Start importing Assets/Prefabs/Rocket.prefab using Guid(3892dac20f019cd448da096563cc04e3) Importer(815301076,1909f56bfc062723c751e8b465ee728b)  -> (artifact id: 'c738563eea30aaff9aab7aaa194d1b94') in 0.012077 seconds 
========================================================================
Received Import Request.
  Time since last request: 32.147306 seconds.
  path: Assets/Prefabs/Rocket.prefab
  artifactKey: Guid(3892dac20f019cd448da096563cc04e3) Importer(815301076,1909f56bfc062723c751e8b465ee728b)
Start importing Assets/Prefabs/Rocket.prefab using Guid(3892dac20f019cd448da096563cc04e3) Importer(815301076,1909f56bfc062723c751e8b465ee728b)  -> (artifact id: '726b338b10a0fadde7b4815a0d85a27c') in 0.029560 seconds 
========================================================================
Received Import Request.
  Time since last request: 3.212044 seconds.
  path: Assets/Prefabs/Rocket.prefab
  artifactKey: Guid(3892dac20f019cd448da096563cc04e3) Importer(815301076,1909f56bfc062723c751e8b465ee728b)
Start importing Assets/Prefabs/Rocket.prefab using Guid(3892dac20f019cd448da096563cc04e3) Importer(815301076,1909f56bfc062723c751e8b465ee728b)  -> (artifact id: 'f58f626ff0b40f7a7ea5b5aca97b8a28') in 0.028612 seconds 
========================================================================
Received Import Request.
  Time since last request: 6.420653 seconds.
  path: Assets/Prefabs/Rocket.prefab
  artifactKey: Guid(3892dac20f019cd448da096563cc04e3) Importer(815301076,1909f56bfc062723c751e8b465ee728b)
Start importing Assets/Prefabs/Rocket.prefab using Guid(3892dac20f019cd448da096563cc04e3) Importer(815301076,1909f56bfc062723c751e8b465ee728b)  -> (artifact id: '764b64d84aa33406da82516a903b6838') in 0.036229 seconds 
========================================================================
Received Import Request.
  Time since last request: 5.026831 seconds.
  path: Assets/Prefabs/Rocket.prefab
  artifactKey: Guid(3892dac20f019cd448da096563cc04e3) Importer(815301076,1909f56bfc062723c751e8b465ee728b)
Start importing Assets/Prefabs/Rocket.prefab using Guid(3892dac20f019cd448da096563cc04e3) Importer(815301076,1909f56bfc062723c751e8b465ee728b)  -> (artifact id: '0f44d18cb48fe74707beff42a96b135f') in 0.033893 seconds 
========================================================================
Received Import Request.
  Time since last request: 29.624930 seconds.
  path: Assets/Prefabs/Rocket.prefab
  artifactKey: Guid(3892dac20f019cd448da096563cc04e3) Importer(815301076,1909f56bfc062723c751e8b465ee728b)
Start importing Assets/Prefabs/Rocket.prefab using Guid(3892dac20f019cd448da096563cc04e3) Importer(815301076,1909f56bfc062723c751e8b465ee728b)  -> (artifact id: '74901b1a826594c9a09904cb49215572') in 0.041973 seconds 
========================================================================
Received Import Request.
  Time since last request: 9.883396 seconds.
  path: Assets/Prefabs/Rocket.prefab
  artifactKey: Guid(3892dac20f019cd448da096563cc04e3) Importer(815301076,1909f56bfc062723c751e8b465ee728b)
Start importing Assets/Prefabs/Rocket.prefab using Guid(3892dac20f019cd448da096563cc04e3) Importer(815301076,1909f56bfc062723c751e8b465ee728b)  -> (artifact id: 'c1fb60b9156e9edffb88c303b6b83208') in 0.019938 seconds 
========================================================================
Received Import Request.
  Time since last request: 7.026208 seconds.
  path: Assets/Prefabs/Rocket.prefab
  artifactKey: Guid(3892dac20f019cd448da096563cc04e3) Importer(815301076,1909f56bfc062723c751e8b465ee728b)
Start importing Assets/Prefabs/Rocket.prefab using Guid(3892dac20f019cd448da096563cc04e3) Importer(815301076,1909f56bfc062723c751e8b465ee728b)  -> (artifact id: 'e40e36c65b1f96c3dca1c463c6114a4f') in 0.022803 seconds 
========================================================================
Received Import Request.
  Time since last request: 34.578695 seconds.
  path: Assets/Prefabs/Rocket.prefab
  artifactKey: Guid(3892dac20f019cd448da096563cc04e3) Importer(815301076,1909f56bfc062723c751e8b465ee728b)
Start importing Assets/Prefabs/Rocket.prefab using Guid(3892dac20f019cd448da096563cc04e3) Importer(815301076,1909f56bfc062723c751e8b465ee728b)  -> (artifact id: '01dbac863dddb8bc0f478ae00ef180af') in 0.025568 seconds 
========================================================================
Received Import Request.
  Time since last request: 38.463330 seconds.
  path: Assets/Prefabs/Rocket.prefab
  artifactKey: Guid(3892dac20f019cd448da096563cc04e3) Importer(815301076,1909f56bfc062723c751e8b465ee728b)
Start importing Assets/Prefabs/Rocket.prefab using Guid(3892dac20f019cd448da096563cc04e3) Importer(815301076,1909f56bfc062723c751e8b465ee728b)  -> (artifact id: '7941d6c99c1c11deb5a6c8abbdb636e1') in 0.048668 seconds 
========================================================================
Received Import Request.
  Time since last request: 2.779683 seconds.
  path: Assets/Prefabs/Rocket.prefab
  artifactKey: Guid(3892dac20f019cd448da096563cc04e3) Importer(815301076,1909f56bfc062723c751e8b465ee728b)
Start importing Assets/Prefabs/Rocket.prefab using Guid(3892dac20f019cd448da096563cc04e3) Importer(815301076,1909f56bfc062723c751e8b465ee728b)  -> (artifact id: '5df7eddcdf305190fe8dbb82da436314') in 0.023220 seconds 
========================================================================
Received Import Request.
  Time since last request: 15.890576 seconds.
  path: Assets/Prefabs/Rocket.prefab
  artifactKey: Guid(3892dac20f019cd448da096563cc04e3) Importer(815301076,1909f56bfc062723c751e8b465ee728b)
Start importing Assets/Prefabs/Rocket.prefab using Guid(3892dac20f019cd448da096563cc04e3) Importer(815301076,1909f56bfc062723c751e8b465ee728b)  -> (artifact id: '60d28b1284d2e245983c879fa9907dbf') in 0.022680 seconds 
========================================================================
Received Import Request.
  Time since last request: 3.846270 seconds.
  path: Assets/Prefabs/Rocket.prefab
  artifactKey: Guid(3892dac20f019cd448da096563cc04e3) Importer(815301076,1909f56bfc062723c751e8b465ee728b)
Start importing Assets/Prefabs/Rocket.prefab using Guid(3892dac20f019cd448da096563cc04e3) Importer(815301076,1909f56bfc062723c751e8b465ee728b)  -> (artifact id: 'ed4117cff2f146518c70073dc741f416') in 0.021738 seconds 
========================================================================
Received Import Request.
  Time since last request: 4.624444 seconds.
  path: Assets/Prefabs/Rocket.prefab
  artifactKey: Guid(3892dac20f019cd448da096563cc04e3) Importer(815301076,1909f56bfc062723c751e8b465ee728b)
Start importing Assets/Prefabs/Rocket.prefab using Guid(3892dac20f019cd448da096563cc04e3) Importer(815301076,1909f56bfc062723c751e8b465ee728b)  -> (artifact id: 'cbe8ef629850f6820c66b37c3c65b4b1') in 0.023077 seconds 
========================================================================
Received Import Request.
  Time since last request: 12.504212 seconds.
  path: Assets/Prefabs/Rocket.prefab
  artifactKey: Guid(3892dac20f019cd448da096563cc04e3) Importer(815301076,1909f56bfc062723c751e8b465ee728b)
Start importing Assets/Prefabs/Rocket.prefab using Guid(3892dac20f019cd448da096563cc04e3) Importer(815301076,1909f56bfc062723c751e8b465ee728b)  -> (artifact id: 'bf3aef02f968ed0218e6c5d19fb776fd') in 0.029201 seconds 
========================================================================
Received Import Request.
  Time since last request: 19.882255 seconds.
  path: Assets/Prefabs/Rocket.prefab
  artifactKey: Guid(3892dac20f019cd448da096563cc04e3) Importer(815301076,1909f56bfc062723c751e8b465ee728b)
Start importing Assets/Prefabs/Rocket.prefab using Guid(3892dac20f019cd448da096563cc04e3) Importer(815301076,1909f56bfc062723c751e8b465ee728b)  -> (artifact id: '05aff5dd0408e68c855a6e8e1d8be379') in 0.022082 seconds 
========================================================================
Received Import Request.
  Time since last request: 27.384884 seconds.
  path: Assets/Prefabs/Rocket.prefab
  artifactKey: Guid(3892dac20f019cd448da096563cc04e3) Importer(815301076,1909f56bfc062723c751e8b465ee728b)
Start importing Assets/Prefabs/Rocket.prefab using Guid(3892dac20f019cd448da096563cc04e3) Importer(815301076,1909f56bfc062723c751e8b465ee728b)  -> (artifact id: '5e5c977bb43ebc7c24c61cbb07db83a3') in 0.012427 seconds 
========================================================================
Received Import Request.
  Time since last request: 23.819289 seconds.
  path: Assets/Prefabs/Rocket.prefab
  artifactKey: Guid(3892dac20f019cd448da096563cc04e3) Importer(815301076,1909f56bfc062723c751e8b465ee728b)
Start importing Assets/Prefabs/Rocket.prefab using Guid(3892dac20f019cd448da096563cc04e3) Importer(815301076,1909f56bfc062723c751e8b465ee728b)  -> (artifact id: 'd0ffff3642940dc1ba2c957c86c5bf6b') in 0.045234 seconds 
========================================================================
Received Import Request.
  Time since last request: 4.374202 seconds.
  path: Assets/Prefabs/Rocket.prefab
  artifactKey: Guid(3892dac20f019cd448da096563cc04e3) Importer(815301076,1909f56bfc062723c751e8b465ee728b)
Start importing Assets/Prefabs/Rocket.prefab using Guid(3892dac20f019cd448da096563cc04e3) Importer(815301076,1909f56bfc062723c751e8b465ee728b)  -> (artifact id: '3c083ecf03c76b6fbff0730b42f38782') in 0.024974 seconds 
========================================================================
Received Import Request.
  Time since last request: 3.446098 seconds.
  path: Assets/Prefabs/Rocket.prefab
  artifactKey: Guid(3892dac20f019cd448da096563cc04e3) Importer(815301076,1909f56bfc062723c751e8b465ee728b)
Start importing Assets/Prefabs/Rocket.prefab using Guid(3892dac20f019cd448da096563cc04e3) Importer(815301076,1909f56bfc062723c751e8b465ee728b)  -> (artifact id: 'bb1fa0a1d4aea836bf343f17f7fee78f') in 0.023869 seconds 
========================================================================
Received Import Request.
  Time since last request: 3.421225 seconds.
  path: Assets/Prefabs/Rocket.prefab
  artifactKey: Guid(3892dac20f019cd448da096563cc04e3) Importer(815301076,1909f56bfc062723c751e8b465ee728b)
Start importing Assets/Prefabs/Rocket.prefab using Guid(3892dac20f019cd448da096563cc04e3) Importer(815301076,1909f56bfc062723c751e8b465ee728b)  -> (artifact id: '371ec993d89ade3fe90fea8b1e71f642') in 0.022820 seconds 
========================================================================
Received Import Request.
  Time since last request: 5.424463 seconds.
  path: Assets/Prefabs/Rocket.prefab
  artifactKey: Guid(3892dac20f019cd448da096563cc04e3) Importer(815301076,1909f56bfc062723c751e8b465ee728b)
Start importing Assets/Prefabs/Rocket.prefab using Guid(3892dac20f019cd448da096563cc04e3) Importer(815301076,1909f56bfc062723c751e8b465ee728b)  -> (artifact id: 'fa7a6d93b092f75572966b3c5b4cc012') in 0.022441 seconds 
========================================================================
Received Import Request.
  Time since last request: 22.618215 seconds.
  path: Assets/Prefabs/Rocket.prefab
  artifactKey: Guid(3892dac20f019cd448da096563cc04e3) Importer(815301076,1909f56bfc062723c751e8b465ee728b)
Start importing Assets/Prefabs/Rocket.prefab using Guid(3892dac20f019cd448da096563cc04e3) Importer(815301076,1909f56bfc062723c751e8b465ee728b)  -> (artifact id: 'edd2d0c36d3f326cbe09fd0a8a8fad5a') in 0.022696 seconds 
========================================================================
Received Import Request.
  Time since last request: 5.822296 seconds.
  path: Assets/Prefabs/Rocket.prefab
  artifactKey: Guid(3892dac20f019cd448da096563cc04e3) Importer(815301076,1909f56bfc062723c751e8b465ee728b)
Start importing Assets/Prefabs/Rocket.prefab using Guid(3892dac20f019cd448da096563cc04e3) Importer(815301076,1909f56bfc062723c751e8b465ee728b)  -> (artifact id: '210218a4c5671cdd8da607f0c6272838') in 0.023279 seconds 
========================================================================
Received Import Request.
  Time since last request: 4.608293 seconds.
  path: Assets/Prefabs/Rocket.prefab
  artifactKey: Guid(3892dac20f019cd448da096563cc04e3) Importer(815301076,1909f56bfc062723c751e8b465ee728b)
Start importing Assets/Prefabs/Rocket.prefab using Guid(3892dac20f019cd448da096563cc04e3) Importer(815301076,1909f56bfc062723c751e8b465ee728b)  -> (artifact id: '616149b7a6e6f482ea27f0753a883bdd') in 0.024353 seconds 
========================================================================
Received Import Request.
  Time since last request: 29.269522 seconds.
  path: Assets/Prefabs/Rocket.prefab
  artifactKey: Guid(3892dac20f019cd448da096563cc04e3) Importer(815301076,1909f56bfc062723c751e8b465ee728b)
Start importing Assets/Prefabs/Rocket.prefab using Guid(3892dac20f019cd448da096563cc04e3) Importer(815301076,1909f56bfc062723c751e8b465ee728b)  -> (artifact id: '91ec50088f3b394913aa1e1530ff2b5b') in 0.023507 seconds 
========================================================================
Received Import Request.
  Time since last request: 4.006160 seconds.
  path: Assets/Prefabs/Rocket.prefab
  artifactKey: Guid(3892dac20f019cd448da096563cc04e3) Importer(815301076,1909f56bfc062723c751e8b465ee728b)
Start importing Assets/Prefabs/Rocket.prefab using Guid(3892dac20f019cd448da096563cc04e3) Importer(815301076,1909f56bfc062723c751e8b465ee728b)  -> (artifact id: '3ddfaed9a9518893226f3012e46ebe7a') in 0.021471 seconds 
========================================================================
Received Import Request.
  Time since last request: 13.289146 seconds.
  path: Assets/Prefabs/Rocket.prefab
  artifactKey: Guid(3892dac20f019cd448da096563cc04e3) Importer(815301076,1909f56bfc062723c751e8b465ee728b)
Start importing Assets/Prefabs/Rocket.prefab using Guid(3892dac20f019cd448da096563cc04e3) Importer(815301076,1909f56bfc062723c751e8b465ee728b)  -> (artifact id: 'b1ed6a82155004c6212300860d2f959c') in 0.022535 seconds 
========================================================================
Received Import Request.
  Time since last request: 4.227311 seconds.
  path: Assets/Prefabs/Rocket.prefab
  artifactKey: Guid(3892dac20f019cd448da096563cc04e3) Importer(815301076,1909f56bfc062723c751e8b465ee728b)
Start importing Assets/Prefabs/Rocket.prefab using Guid(3892dac20f019cd448da096563cc04e3) Importer(815301076,1909f56bfc062723c751e8b465ee728b)  -> (artifact id: 'd5845c638610ddb1e40d4716108f61cb') in 0.012568 seconds 
========================================================================
Received Import Request.
  Time since last request: 21.621692 seconds.
  path: Assets/Prefabs/Rocket.prefab
  artifactKey: Guid(3892dac20f019cd448da096563cc04e3) Importer(815301076,1909f56bfc062723c751e8b465ee728b)
Start importing Assets/Prefabs/Rocket.prefab using Guid(3892dac20f019cd448da096563cc04e3) Importer(815301076,1909f56bfc062723c751e8b465ee728b)  -> (artifact id: '2c1cc5c1250ae345b71e4b414fb81059') in 0.021632 seconds 
========================================================================
Received Import Request.
  Time since last request: 3.420026 seconds.
  path: Assets/Prefabs/Rocket.prefab
  artifactKey: Guid(3892dac20f019cd448da096563cc04e3) Importer(815301076,1909f56bfc062723c751e8b465ee728b)
Start importing Assets/Prefabs/Rocket.prefab using Guid(3892dac20f019cd448da096563cc04e3) Importer(815301076,1909f56bfc062723c751e8b465ee728b)  -> (artifact id: '8bf12408b235976449f61e19d39ddb96') in 0.023333 seconds 
========================================================================
Received Import Request.
  Time since last request: 15.125838 seconds.
  path: Assets/Prefabs/Rocket.prefab
  artifactKey: Guid(3892dac20f019cd448da096563cc04e3) Importer(815301076,1909f56bfc062723c751e8b465ee728b)
Start importing Assets/Prefabs/Rocket.prefab using Guid(3892dac20f019cd448da096563cc04e3) Importer(815301076,1909f56bfc062723c751e8b465ee728b)  -> (artifact id: 'ddbcc6ded79566f6c1f1ae30b3056c7d') in 0.012622 seconds 
========================================================================
Received Import Request.
  Time since last request: 5.445104 seconds.
  path: Assets/Prefabs/Rocket.prefab
  artifactKey: Guid(3892dac20f019cd448da096563cc04e3) Importer(815301076,1909f56bfc062723c751e8b465ee728b)
Start importing Assets/Prefabs/Rocket.prefab using Guid(3892dac20f019cd448da096563cc04e3) Importer(815301076,1909f56bfc062723c751e8b465ee728b)  -> (artifact id: 'a6f3fde0e6db0ca5149762b4ff200bc9') in 0.023010 seconds 
========================================================================
Received Import Request.
  Time since last request: 87.112459 seconds.
  path: Assets/Prefabs/Rocket.prefab
  artifactKey: Guid(3892dac20f019cd448da096563cc04e3) Importer(815301076,1909f56bfc062723c751e8b465ee728b)
Start importing Assets/Prefabs/Rocket.prefab using Guid(3892dac20f019cd448da096563cc04e3) Importer(815301076,1909f56bfc062723c751e8b465ee728b)  -> (artifact id: '9ce3cd42a3b7c98d4d71c587620d2482') in 0.014519 seconds 
========================================================================
Received Import Request.
  Time since last request: 7.643925 seconds.
  path: Assets/Prefabs/Rocket.prefab
  artifactKey: Guid(3892dac20f019cd448da096563cc04e3) Importer(815301076,1909f56bfc062723c751e8b465ee728b)
Start importing Assets/Prefabs/Rocket.prefab using Guid(3892dac20f019cd448da096563cc04e3) Importer(815301076,1909f56bfc062723c751e8b465ee728b)  -> (artifact id: '79983f1ce057548b4bac798393656c85') in 0.012546 seconds 
========================================================================
Received Import Request.
  Time since last request: 44.063628 seconds.
  path: Assets/Prefabs/Rocket.prefab
  artifactKey: Guid(3892dac20f019cd448da096563cc04e3) Importer(815301076,1909f56bfc062723c751e8b465ee728b)
Start importing Assets/Prefabs/Rocket.prefab using Guid(3892dac20f019cd448da096563cc04e3) Importer(815301076,1909f56bfc062723c751e8b465ee728b)  -> (artifact id: 'e1db142ff6d1384e733d7819d3997181') in 0.012409 seconds 
========================================================================
Received Import Request.
  Time since last request: 27.579414 seconds.
  path: Assets/Prefabs/Rocket.prefab
  artifactKey: Guid(3892dac20f019cd448da096563cc04e3) Importer(815301076,1909f56bfc062723c751e8b465ee728b)
Start importing Assets/Prefabs/Rocket.prefab using Guid(3892dac20f019cd448da096563cc04e3) Importer(815301076,1909f56bfc062723c751e8b465ee728b)  -> (artifact id: '6182272d415510c7e62a1ccce37fc3b2') in 0.013451 seconds 
========================================================================
Received Import Request.
  Time since last request: 19.280691 seconds.
  path: Assets/Prefabs/Rocket.prefab
  artifactKey: Guid(3892dac20f019cd448da096563cc04e3) Importer(815301076,1909f56bfc062723c751e8b465ee728b)
Start importing Assets/Prefabs/Rocket.prefab using Guid(3892dac20f019cd448da096563cc04e3) Importer(815301076,1909f56bfc062723c751e8b465ee728b)  -> (artifact id: '0a8ed69951506681ff37ce29f2ca5ec4') in 0.015821 seconds 
========================================================================
Received Import Request.
  Time since last request: 11.386582 seconds.
  path: Assets/Prefabs/Rocket.prefab
  artifactKey: Guid(3892dac20f019cd448da096563cc04e3) Importer(815301076,1909f56bfc062723c751e8b465ee728b)
Start importing Assets/Prefabs/Rocket.prefab using Guid(3892dac20f019cd448da096563cc04e3) Importer(815301076,1909f56bfc062723c751e8b465ee728b)  -> (artifact id: '969a01860692ec161233030d68169918') in 0.024355 seconds 
========================================================================
Received Import Request.
  Time since last request: 30.064793 seconds.
  path: Assets/Prefabs/Rocket.prefab
  artifactKey: Guid(3892dac20f019cd448da096563cc04e3) Importer(815301076,1909f56bfc062723c751e8b465ee728b)
Start importing Assets/Prefabs/Rocket.prefab using Guid(3892dac20f019cd448da096563cc04e3) Importer(815301076,1909f56bfc062723c751e8b465ee728b)  -> (artifact id: '0f1671fe3f1d3d68c9528d1a25bcd084') in 0.013409 seconds 
========================================================================
Received Import Request.
  Time since last request: 3.605026 seconds.
  path: Assets/Prefabs/Rocket.prefab
  artifactKey: Guid(3892dac20f019cd448da096563cc04e3) Importer(815301076,1909f56bfc062723c751e8b465ee728b)
Start importing Assets/Prefabs/Rocket.prefab using Guid(3892dac20f019cd448da096563cc04e3) Importer(815301076,1909f56bfc062723c751e8b465ee728b)  -> (artifact id: '6b1d83b4840e56abbd1cfe991f99ac79') in 0.016884 seconds 
========================================================================
Received Import Request.
  Time since last request: 7.265604 seconds.
  path: Assets/Prefabs/Rocket.prefab
  artifactKey: Guid(3892dac20f019cd448da096563cc04e3) Importer(815301076,1909f56bfc062723c751e8b465ee728b)
Start importing Assets/Prefabs/Rocket.prefab using Guid(3892dac20f019cd448da096563cc04e3) Importer(815301076,1909f56bfc062723c751e8b465ee728b)  -> (artifact id: 'b1888ed1d1ea2c5c785c8acec1c6cc4c') in 0.017139 seconds 
========================================================================
Received Import Request.
  Time since last request: 6.260496 seconds.
  path: Assets/Prefabs/Rocket.prefab
  artifactKey: Guid(3892dac20f019cd448da096563cc04e3) Importer(815301076,1909f56bfc062723c751e8b465ee728b)
Start importing Assets/Prefabs/Rocket.prefab using Guid(3892dac20f019cd448da096563cc04e3) Importer(815301076,1909f56bfc062723c751e8b465ee728b)  -> (artifact id: '9e5cf13a5e395387d96bd2f06d1a69a8') in 0.020565 seconds 
========================================================================
Received Import Request.
  Time since last request: 18.172545 seconds.
  path: Assets/Prefabs/Rocket.prefab
  artifactKey: Guid(3892dac20f019cd448da096563cc04e3) Importer(815301076,1909f56bfc062723c751e8b465ee728b)
Start importing Assets/Prefabs/Rocket.prefab using Guid(3892dac20f019cd448da096563cc04e3) Importer(815301076,1909f56bfc062723c751e8b465ee728b)  -> (artifact id: '6f49b40d1e68a0e9935f77f4fa937e6c') in 0.012636 seconds 
========================================================================
Received Import Request.
  Time since last request: 29.153338 seconds.
  path: Assets/Materials/Rocket 1.mat
  artifactKey: Guid(6be0e1e623e7c6949bba92129920f9f9) Importer(815301076,1909f56bfc062723c751e8b465ee728b)
Start importing Assets/Materials/Rocket 1.mat using Guid(6be0e1e623e7c6949bba92129920f9f9) Importer(815301076,1909f56bfc062723c751e8b465ee728b)  -> (artifact id: 'b277f3d2c1a58eddcb285bd39da1cb9a') in 0.069115 seconds 
========================================================================
Received Import Request.
  Time since last request: 64.904343 seconds.
  path: Assets/Materials/Rocket 1.mat
  artifactKey: Guid(6be0e1e623e7c6949bba92129920f9f9) Importer(815301076,1909f56bfc062723c751e8b465ee728b)
Start importing Assets/Materials/Rocket 1.mat using Guid(6be0e1e623e7c6949bba92129920f9f9) Importer(815301076,1909f56bfc062723c751e8b465ee728b)  -> (artifact id: 'b63d05264d467db0fe71bc2a1ebfa8ea') in 0.046682 seconds 
========================================================================
Received Import Request.
  Time since last request: 0.000318 seconds.
  path: Assets/Materials/Rocket 2.mat
  artifactKey: Guid(bd60b97f222128d4c947f611b5c8f6d0) Importer(815301076,1909f56bfc062723c751e8b465ee728b)
Start importing Assets/Materials/Rocket 2.mat using Guid(bd60b97f222128d4c947f611b5c8f6d0) Importer(815301076,1909f56bfc062723c751e8b465ee728b)  -> (artifact id: 'e11da2b37c8005ce0421476f9d9afa4e') in 0.036824 seconds 
========================================================================
Received Import Request.
  Time since last request: 410.388946 seconds.
  path: Assets/Materials/Rocket 1.mat
  artifactKey: Guid(6be0e1e623e7c6949bba92129920f9f9) Importer(815301076,1909f56bfc062723c751e8b465ee728b)
Start importing Assets/Materials/Rocket 1.mat using Guid(6be0e1e623e7c6949bba92129920f9f9) Importer(815301076,1909f56bfc062723c751e8b465ee728b)  -> (artifact id: '5ae93f25d01a3457f57c2ac0420e51ca') in 0.024872 seconds 
========================================================================
Received Import Request.
  Time since last request: 0.000369 seconds.
  path: Assets/Materials/Rocket 2.mat
  artifactKey: Guid(bd60b97f222128d4c947f611b5c8f6d0) Importer(815301076,1909f56bfc062723c751e8b465ee728b)
Start importing Assets/Materials/Rocket 2.mat using Guid(bd60b97f222128d4c947f611b5c8f6d0) Importer(815301076,1909f56bfc062723c751e8b465ee728b)  -> (artifact id: '17a3a257bb698b9045941eb85028dec5') in 0.025161 seconds 
========================================================================
Received Import Request.
  Time since last request: 0.000398 seconds.
  path: Assets/Materials/Rocket.mat
  artifactKey: Guid(4d5bb75c75401e7449d0afb14824f8b6) Importer(815301076,1909f56bfc062723c751e8b465ee728b)
Start importing Assets/Materials/Rocket.mat using Guid(4d5bb75c75401e7449d0afb14824f8b6) Importer(815301076,1909f56bfc062723c751e8b465ee728b)  -> (artifact id: '3a8cab105a295921a7abaf94bf971b5f') in 0.022440 seconds 
========================================================================
Received Import Request.
  Time since last request: 0.000513 seconds.
  path: Assets/Materials/Rocket 3.mat
  artifactKey: Guid(d19d4a1c845a9ac4698f0d68c4a1ccb3) Importer(815301076,1909f56bfc062723c751e8b465ee728b)
Start importing Assets/Materials/Rocket 3.mat using Guid(d19d4a1c845a9ac4698f0d68c4a1ccb3) Importer(815301076,1909f56bfc062723c751e8b465ee728b)  -> (artifact id: 'accb934913559cacee52debf4ab11c4d') in 0.025687 seconds 
========================================================================
Received Import Request.
  Time since last request: 47.035811 seconds.
  path: Assets/Prefabs/Rocket.prefab
  artifactKey: Guid(3892dac20f019cd448da096563cc04e3) Importer(815301076,1909f56bfc062723c751e8b465ee728b)
Start importing Assets/Prefabs/Rocket.prefab using Guid(3892dac20f019cd448da096563cc04e3) Importer(815301076,1909f56bfc062723c751e8b465ee728b)  -> (artifact id: 'c94d5b8baf0d55353704199c7b205fcf') in 0.028181 seconds 
========================================================================
Received Prepare
Registering precompiled user dll's ...
Registered in 0.002645 seconds.
Begin MonoManager ReloadAssembly
Native extension for WindowsStandalone target not found
Native extension for WebGL target not found
Refreshing native plugins compatible for Editor in 0.30 ms, found 2 plugins.
Preloading 0 native plugins for Editor in 0.00 ms.
Mono: successfully reloaded assembly
- Completed reload, in  1.218 seconds
Domain Reload Profiling:
	ReloadAssembly (1218ms)
		BeginReloadAssembly (140ms)
			ExecutionOrderSort (0ms)
			DisableScriptedObjects (5ms)
			BackupInstance (0ms)
			ReleaseScriptingObjects (0ms)
			CreateAndSetChildDomain (43ms)
		EndReloadAssembly (1003ms)
			LoadAssemblies (118ms)
			RebuildTransferFunctionScriptingTraits (0ms)
			SetupTypeCache (332ms)
			ReleaseScriptCaches (1ms)
			RebuildScriptCaches (51ms)
			SetupLoadedEditorAssemblies (385ms)
				LogAssemblyErrors (0ms)
				InitializePlatformSupportModulesInManaged (11ms)
				SetLoadedEditorAssemblies (1ms)
				RefreshPlugins (0ms)
				BeforeProcessingInitializeOnLoad (103ms)
				ProcessInitializeOnLoadAttributes (253ms)
				ProcessInitializeOnLoadMethodAttributes (11ms)
				AfterProcessingInitializeOnLoad (6ms)
				EditorAssembliesLoaded (0ms)
			ExecutionOrderSort2 (0ms)
			AwakeInstancesAfterBackupRestoration (2ms)
Platform modules already initialized, skipping
Refreshing native plugins compatible for Editor in 0.31 ms, found 2 plugins.
Preloading 0 native plugins for Editor in 0.00 ms.
Unloading 1315 Unused Serialized files (Serialized files now loaded: 0)
System memory in use before: 67.2 MB.
System memory in use after: 67.3 MB.

Unloading 13 unused Assets to reduce memory usage. Loaded Objects now: 1803.
Total: 2.911700 ms (FindLiveObjects: 0.128100 ms CreateObjectMapping: 0.040500 ms MarkObjects: 2.644900 ms  DeleteObjects: 0.097500 ms)

AssetImportParameters requested are different than current active one (requested -> active):
  custom:framework-win-MediaFoundation: 216162199b28c13a410421893ffa2e32 -> 
  custom:video-decoder-ogg-theora: a1e56fd34408186e4bbccfd4996cb3dc -> 
  custom:container-muxer-webm: aa71ff27fc2769a1b78a27578f13a17b -> 
  custom:container-demuxer-webm: 4f35f7cbe854078d1ac9338744f61a02 -> 
  custom:container-demuxer-ogg: 62fdf1f143b41e24485cea50d1cbac27 -> 
  custom:video-encoder-webm-vp8: eb34c28f22e8b96e1ab97ce403110664 -> 
  custom:video-decoder-webm-vp8: 9c59270c3fd7afecdb556c50c9e8de78 -> 
  custom:audio-decoder-ogg-vorbis: bf7c407c2cedff20999df2af8eb42d56 -> 
  custom:audio-encoder-webm-vorbis: bf7c407c2cedff20999df2af8eb42d56 -> 
========================================================================
Received Import Request.
  Time since last request: 3284.130383 seconds.
  path: Assets/Explosion Particles.prefab
  artifactKey: Guid(ab79a37535b979f48b6de56e3a0a5cb0) Importer(815301076,1909f56bfc062723c751e8b465ee728b)
Start importing Assets/Explosion Particles.prefab using Guid(ab79a37535b979f48b6de56e3a0a5cb0) Importer(815301076,1909f56bfc062723c751e8b465ee728b)  -> (artifact id: '508d6c7759a729bb8d0cc969c9bd1a2c') in 0.154735 seconds 
========================================================================
Received Import Request.
  Time since last request: 0.000360 seconds.
  path: Assets/Rocket Jet Particles.prefab
  artifactKey: Guid(a3553fd250eb92d4091bebde350c6739) Importer(815301076,1909f56bfc062723c751e8b465ee728b)
Start importing Assets/Rocket Jet Particles.prefab using Guid(a3553fd250eb92d4091bebde350c6739) Importer(815301076,1909f56bfc062723c751e8b465ee728b)  -> (artifact id: '5eecdbee8deee5152ff570a75b4c70e4') in 0.043168 seconds 
========================================================================
Received Import Request.
  Time since last request: 0.000352 seconds.
  path: Assets/Side Thruster Particles.prefab
  artifactKey: Guid(d4b06ebeeaf0ac044aeed997d98443c2) Importer(815301076,1909f56bfc062723c751e8b465ee728b)
Start importing Assets/Side Thruster Particles.prefab using Guid(d4b06ebeeaf0ac044aeed997d98443c2) Importer(815301076,1909f56bfc062723c751e8b465ee728b)  -> (artifact id: '131901f2e5cd9b53567c18d861b5b575') in 0.038186 seconds 
========================================================================
Received Import Request.
  Time since last request: 0.000950 seconds.
  path: Assets/Success Particles.prefab
  artifactKey: Guid(62198a3a5dbb64a4f9e1618929224faa) Importer(815301076,1909f56bfc062723c751e8b465ee728b)
Start importing Assets/Success Particles.prefab using Guid(62198a3a5dbb64a4f9e1618929224faa) Importer(815301076,1909f56bfc062723c751e8b465ee728b)  -> (artifact id: '64703a08193f89fe8dec1341b0f4a7b7') in 0.044006 seconds 
========================================================================
Received Import Request.
  Time since last request: 22.810296 seconds.
  path: Assets/Particles
  artifactKey: Guid(89dd8aba6ae37e747892b6eb943103f8) Importer(815301076,1909f56bfc062723c751e8b465ee728b)
Start importing Assets/Particles using Guid(89dd8aba6ae37e747892b6eb943103f8) Importer(815301076,1909f56bfc062723c751e8b465ee728b)  -> (artifact id: '789c11652deb3b5237e1a0a12dc08475') in 0.014043 seconds 
========================================================================
Received Import Request.
  Time since last request: 363.021291 seconds.
  path: Assets/Materials/Rocket 3.mat
  artifactKey: Guid(d19d4a1c845a9ac4698f0d68c4a1ccb3) Importer(815301076,1909f56bfc062723c751e8b465ee728b)
Start importing Assets/Materials/Rocket 3.mat using Guid(d19d4a1c845a9ac4698f0d68c4a1ccb3) Importer(815301076,1909f56bfc062723c751e8b465ee728b)  -> (artifact id: 'b569af5bf495b09ead3cefa3b9eaa50d') in 0.055145 seconds 
========================================================================
Received Import Request.
  Time since last request: 4.006339 seconds.
  path: Assets/Scripts/CollisionHandler.cs
  artifactKey: Guid(9d4e0472f08043843b6365b8162d08d6) Importer(815301076,1909f56bfc062723c751e8b465ee728b)
Start importing Assets/Scripts/CollisionHandler.cs using Guid(9d4e0472f08043843b6365b8162d08d6) Importer(815301076,1909f56bfc062723c751e8b465ee728b)  -> (artifact id: '39316cc2685cfd0359504b67d13102dd') in 0.019578 seconds 
========================================================================
Received Prepare
Registering precompiled user dll's ...
Registered in 0.006228 seconds.
Begin MonoManager ReloadAssembly
Native extension for WindowsStandalone target not found
Native extension for WebGL target not found
Refreshing native plugins compatible for Editor in 0.40 ms, found 2 plugins.
Preloading 0 native plugins for Editor in 0.00 ms.
Mono: successfully reloaded assembly
- Completed reload, in  1.378 seconds
Domain Reload Profiling:
	ReloadAssembly (1379ms)
		BeginReloadAssembly (156ms)
			ExecutionOrderSort (0ms)
			DisableScriptedObjects (9ms)
			BackupInstance (0ms)
			ReleaseScriptingObjects (0ms)
			CreateAndSetChildDomain (47ms)
		EndReloadAssembly (1139ms)
			LoadAssemblies (118ms)
			RebuildTransferFunctionScriptingTraits (0ms)
			SetupTypeCache (356ms)
			ReleaseScriptCaches (1ms)
			RebuildScriptCaches (63ms)
			SetupLoadedEditorAssemblies (476ms)
				LogAssemblyErrors (0ms)
				InitializePlatformSupportModulesInManaged (8ms)
				SetLoadedEditorAssemblies (1ms)
				RefreshPlugins (1ms)
				BeforeProcessingInitializeOnLoad (109ms)
				ProcessInitializeOnLoadAttributes (342ms)
				ProcessInitializeOnLoadMethodAttributes (10ms)
				AfterProcessingInitializeOnLoad (5ms)
				EditorAssembliesLoaded (0ms)
			ExecutionOrderSort2 (0ms)
			AwakeInstancesAfterBackupRestoration (3ms)
Platform modules already initialized, skipping
Refreshing native plugins compatible for Editor in 0.32 ms, found 2 plugins.
Preloading 0 native plugins for Editor in 0.00 ms.
Unloading 1315 Unused Serialized files (Serialized files now loaded: 0)
System memory in use before: 67.3 MB.
System memory in use after: 67.4 MB.

Unloading 12 unused Assets to reduce memory usage. Loaded Objects now: 1807.
Total: 4.135700 ms (FindLiveObjects: 0.218500 ms CreateObjectMapping: 0.057300 ms MarkObjects: 3.759000 ms  DeleteObjects: 0.098800 ms)

AssetImportParameters requested are different than current active one (requested -> active):
  custom:framework-win-MediaFoundation: 216162199b28c13a410421893ffa2e32 -> 
  custom:video-decoder-ogg-theora: a1e56fd34408186e4bbccfd4996cb3dc -> 
  custom:container-muxer-webm: aa71ff27fc2769a1b78a27578f13a17b -> 
  custom:container-demuxer-webm: 4f35f7cbe854078d1ac9338744f61a02 -> 
  custom:container-demuxer-ogg: 62fdf1f143b41e24485cea50d1cbac27 -> 
  custom:video-encoder-webm-vp8: eb34c28f22e8b96e1ab97ce403110664 -> 
  custom:video-decoder-webm-vp8: 9c59270c3fd7afecdb556c50c9e8de78 -> 
  custom:audio-decoder-ogg-vorbis: bf7c407c2cedff20999df2af8eb42d56 -> 
  custom:audio-encoder-webm-vorbis: bf7c407c2cedff20999df2af8eb42d56 -> 
========================================================================
Received Prepare
Registering precompiled user dll's ...
Registered in 0.004098 seconds.
Begin MonoManager ReloadAssembly
Native extension for WindowsStandalone target not found
Native extension for WebGL target not found
Refreshing native plugins compatible for Editor in 0.30 ms, found 2 plugins.
Preloading 0 native plugins for Editor in 0.00 ms.
Mono: successfully reloaded assembly
- Completed reload, in  1.240 seconds
Domain Reload Profiling:
	ReloadAssembly (1241ms)
		BeginReloadAssembly (127ms)
			ExecutionOrderSort (0ms)
			DisableScriptedObjects (11ms)
			BackupInstance (0ms)
			ReleaseScriptingObjects (0ms)
			CreateAndSetChildDomain (33ms)
		EndReloadAssembly (1045ms)
			LoadAssemblies (117ms)
			RebuildTransferFunctionScriptingTraits (0ms)
			SetupTypeCache (351ms)
			ReleaseScriptCaches (1ms)
			RebuildScriptCaches (44ms)
			SetupLoadedEditorAssemblies (429ms)
				LogAssemblyErrors (0ms)
				InitializePlatformSupportModulesInManaged (6ms)
				SetLoadedEditorAssemblies (1ms)
				RefreshPlugins (0ms)
				BeforeProcessingInitializeOnLoad (146ms)
				ProcessInitializeOnLoadAttributes (259ms)
				ProcessInitializeOnLoadMethodAttributes (11ms)
				AfterProcessingInitializeOnLoad (5ms)
				EditorAssembliesLoaded (1ms)
			ExecutionOrderSort2 (0ms)
			AwakeInstancesAfterBackupRestoration (3ms)
Platform modules already initialized, skipping
Refreshing native plugins compatible for Editor in 0.39 ms, found 2 plugins.
Preloading 0 native plugins for Editor in 0.00 ms.
Unloading 1315 Unused Serialized files (Serialized files now loaded: 0)
System memory in use before: 67.3 MB.
System memory in use after: 67.4 MB.

Unloading 12 unused Assets to reduce memory usage. Loaded Objects now: 1810.
Total: 3.741400 ms (FindLiveObjects: 0.426300 ms CreateObjectMapping: 0.290300 ms MarkObjects: 2.951400 ms  DeleteObjects: 0.070800 ms)

AssetImportParameters requested are different than current active one (requested -> active):
  custom:framework-win-MediaFoundation: 216162199b28c13a410421893ffa2e32 -> 
  custom:video-decoder-ogg-theora: a1e56fd34408186e4bbccfd4996cb3dc -> 
  custom:container-muxer-webm: aa71ff27fc2769a1b78a27578f13a17b -> 
  custom:container-demuxer-webm: 4f35f7cbe854078d1ac9338744f61a02 -> 
  custom:container-demuxer-ogg: 62fdf1f143b41e24485cea50d1cbac27 -> 
  custom:video-encoder-webm-vp8: eb34c28f22e8b96e1ab97ce403110664 -> 
  custom:video-decoder-webm-vp8: 9c59270c3fd7afecdb556c50c9e8de78 -> 
  custom:audio-decoder-ogg-vorbis: bf7c407c2cedff20999df2af8eb42d56 -> 
  custom:audio-encoder-webm-vorbis: bf7c407c2cedff20999df2af8eb42d56 -> 
========================================================================
Received Prepare
Registering precompiled user dll's ...
Registered in 0.003637 seconds.
Begin MonoManager ReloadAssembly
Native extension for WindowsStandalone target not found
Native extension for WebGL target not found
Refreshing native plugins compatible for Editor in 0.31 ms, found 2 plugins.
Preloading 0 native plugins for Editor in 0.00 ms.
Mono: successfully reloaded assembly
- Completed reload, in  1.225 seconds
Domain Reload Profiling:
	ReloadAssembly (1226ms)
		BeginReloadAssembly (159ms)
			ExecutionOrderSort (0ms)
			DisableScriptedObjects (5ms)
			BackupInstance (0ms)
			ReleaseScriptingObjects (0ms)
			CreateAndSetChildDomain (46ms)
		EndReloadAssembly (982ms)
			LoadAssemblies (138ms)
			RebuildTransferFunctionScriptingTraits (0ms)
			SetupTypeCache (372ms)
			ReleaseScriptCaches (1ms)
			RebuildScriptCaches (55ms)
			SetupLoadedEditorAssemblies (332ms)
				LogAssemblyErrors (0ms)
				InitializePlatformSupportModulesInManaged (9ms)
				SetLoadedEditorAssemblies (1ms)
				RefreshPlugins (0ms)
				BeforeProcessingInitializeOnLoad (88ms)
				ProcessInitializeOnLoadAttributes (220ms)
				ProcessInitializeOnLoadMethodAttributes (10ms)
				AfterProcessingInitializeOnLoad (5ms)
				EditorAssembliesLoaded (0ms)
			ExecutionOrderSort2 (0ms)
			AwakeInstancesAfterBackupRestoration (3ms)
Platform modules already initialized, skipping
Refreshing native plugins compatible for Editor in 0.80 ms, found 2 plugins.
Preloading 0 native plugins for Editor in 0.00 ms.
Unloading 1315 Unused Serialized files (Serialized files now loaded: 0)
System memory in use before: 67.3 MB.
System memory in use after: 67.4 MB.

Unloading 12 unused Assets to reduce memory usage. Loaded Objects now: 1813.
Total: 2.933100 ms (FindLiveObjects: 0.145400 ms CreateObjectMapping: 0.039400 ms MarkObjects: 2.686100 ms  DeleteObjects: 0.061500 ms)

AssetImportParameters requested are different than current active one (requested -> active):
  custom:framework-win-MediaFoundation: 216162199b28c13a410421893ffa2e32 -> 
  custom:video-decoder-ogg-theora: a1e56fd34408186e4bbccfd4996cb3dc -> 
  custom:container-muxer-webm: aa71ff27fc2769a1b78a27578f13a17b -> 
  custom:container-demuxer-webm: 4f35f7cbe854078d1ac9338744f61a02 -> 
  custom:container-demuxer-ogg: 62fdf1f143b41e24485cea50d1cbac27 -> 
  custom:video-encoder-webm-vp8: eb34c28f22e8b96e1ab97ce403110664 -> 
  custom:video-decoder-webm-vp8: 9c59270c3fd7afecdb556c50c9e8de78 -> 
  custom:audio-decoder-ogg-vorbis: bf7c407c2cedff20999df2af8eb42d56 -> 
  custom:audio-encoder-webm-vorbis: bf7c407c2cedff20999df2af8eb42d56 -> 
========================================================================
Received Prepare
Registering precompiled user dll's ...
Registered in 0.003931 seconds.
Begin MonoManager ReloadAssembly
Native extension for WindowsStandalone target not found
Native extension for WebGL target not found
Refreshing native plugins compatible for Editor in 0.33 ms, found 2 plugins.
Preloading 0 native plugins for Editor in 0.00 ms.
Mono: successfully reloaded assembly
- Completed reload, in  1.065 seconds
Domain Reload Profiling:
	ReloadAssembly (1066ms)
		BeginReloadAssembly (124ms)
			ExecutionOrderSort (0ms)
			DisableScriptedObjects (7ms)
			BackupInstance (0ms)
			ReleaseScriptingObjects (0ms)
			CreateAndSetChildDomain (33ms)
		EndReloadAssembly (875ms)
			LoadAssemblies (111ms)
			RebuildTransferFunctionScriptingTraits (0ms)
			SetupTypeCache (322ms)
			ReleaseScriptCaches (3ms)
			RebuildScriptCaches (56ms)
			SetupLoadedEditorAssemblies (287ms)
				LogAssemblyErrors (0ms)
				InitializePlatformSupportModulesInManaged (6ms)
				SetLoadedEditorAssemblies (1ms)
				RefreshPlugins (0ms)
				BeforeProcessingInitializeOnLoad (77ms)
				ProcessInitializeOnLoadAttributes (188ms)
				ProcessInitializeOnLoadMethodAttributes (9ms)
				AfterProcessingInitializeOnLoad (5ms)
				EditorAssembliesLoaded (0ms)
			ExecutionOrderSort2 (0ms)
			AwakeInstancesAfterBackupRestoration (2ms)
Platform modules already initialized, skipping
Refreshing native plugins compatible for Editor in 0.36 ms, found 2 plugins.
Preloading 0 native plugins for Editor in 0.00 ms.
Unloading 1315 Unused Serialized files (Serialized files now loaded: 0)
System memory in use before: 67.3 MB.
System memory in use after: 67.4 MB.

Unloading 12 unused Assets to reduce memory usage. Loaded Objects now: 1816.
Total: 2.828000 ms (FindLiveObjects: 0.121400 ms CreateObjectMapping: 0.040400 ms MarkObjects: 2.603100 ms  DeleteObjects: 0.062000 ms)

AssetImportParameters requested are different than current active one (requested -> active):
  custom:framework-win-MediaFoundation: 216162199b28c13a410421893ffa2e32 -> 
  custom:video-decoder-ogg-theora: a1e56fd34408186e4bbccfd4996cb3dc -> 
  custom:container-muxer-webm: aa71ff27fc2769a1b78a27578f13a17b -> 
  custom:container-demuxer-webm: 4f35f7cbe854078d1ac9338744f61a02 -> 
  custom:container-demuxer-ogg: 62fdf1f143b41e24485cea50d1cbac27 -> 
  custom:video-encoder-webm-vp8: eb34c28f22e8b96e1ab97ce403110664 -> 
  custom:video-decoder-webm-vp8: 9c59270c3fd7afecdb556c50c9e8de78 -> 
  custom:audio-decoder-ogg-vorbis: bf7c407c2cedff20999df2af8eb42d56 -> 
  custom:audio-encoder-webm-vorbis: bf7c407c2cedff20999df2af8eb42d56 -> 
========================================================================
Received Prepare
Registering precompiled user dll's ...
Registered in 0.002566 seconds.
Begin MonoManager ReloadAssembly
Native extension for WindowsStandalone target not found
Native extension for WebGL target not found
Refreshing native plugins compatible for Editor in 0.29 ms, found 2 plugins.
Preloading 0 native plugins for Editor in 0.00 ms.
Mono: successfully reloaded assembly
- Completed reload, in  1.089 seconds
Domain Reload Profiling:
	ReloadAssembly (1090ms)
		BeginReloadAssembly (131ms)
			ExecutionOrderSort (0ms)
			DisableScriptedObjects (6ms)
			BackupInstance (0ms)
			ReleaseScriptingObjects (0ms)
			CreateAndSetChildDomain (41ms)
		EndReloadAssembly (887ms)
			LoadAssemblies (108ms)
			RebuildTransferFunctionScriptingTraits (0ms)
			SetupTypeCache (367ms)
			ReleaseScriptCaches (1ms)
			RebuildScriptCaches (41ms)
			SetupLoadedEditorAssemblies (295ms)
				LogAssemblyErrors (0ms)
				InitializePlatformSupportModulesInManaged (6ms)
				SetLoadedEditorAssemblies (1ms)
				RefreshPlugins (0ms)
				BeforeProcessingInitializeOnLoad (77ms)
				ProcessInitializeOnLoadAttributes (197ms)
				ProcessInitializeOnLoadMethodAttributes (9ms)
				AfterProcessingInitializeOnLoad (5ms)
				EditorAssembliesLoaded (0ms)
			ExecutionOrderSort2 (0ms)
			AwakeInstancesAfterBackupRestoration (2ms)
Platform modules already initialized, skipping
Refreshing native plugins compatible for Editor in 0.30 ms, found 2 plugins.
Preloading 0 native plugins for Editor in 0.00 ms.
Unloading 1315 Unused Serialized files (Serialized files now loaded: 0)
System memory in use before: 67.3 MB.
System memory in use after: 67.4 MB.

Unloading 12 unused Assets to reduce memory usage. Loaded Objects now: 1819.
Total: 3.014900 ms (FindLiveObjects: 0.160500 ms CreateObjectMapping: 0.045300 ms MarkObjects: 2.739200 ms  DeleteObjects: 0.068900 ms)

AssetImportParameters requested are different than current active one (requested -> active):
  custom:framework-win-MediaFoundation: 216162199b28c13a410421893ffa2e32 -> 
  custom:video-decoder-ogg-theora: a1e56fd34408186e4bbccfd4996cb3dc -> 
  custom:container-muxer-webm: aa71ff27fc2769a1b78a27578f13a17b -> 
  custom:container-demuxer-webm: 4f35f7cbe854078d1ac9338744f61a02 -> 
  custom:container-demuxer-ogg: 62fdf1f143b41e24485cea50d1cbac27 -> 
  custom:video-encoder-webm-vp8: eb34c28f22e8b96e1ab97ce403110664 -> 
  custom:video-decoder-webm-vp8: 9c59270c3fd7afecdb556c50c9e8de78 -> 
  custom:audio-decoder-ogg-vorbis: bf7c407c2cedff20999df2af8eb42d56 -> 
  custom:audio-encoder-webm-vorbis: bf7c407c2cedff20999df2af8eb42d56 -> 
========================================================================
Received Prepare
Registering precompiled user dll's ...
Registered in 0.002853 seconds.
Begin MonoManager ReloadAssembly
Native extension for WindowsStandalone target not found
Native extension for WebGL target not found
Refreshing native plugins compatible for Editor in 0.41 ms, found 2 plugins.
Preloading 0 native plugins for Editor in 0.00 ms.
Mono: successfully reloaded assembly
- Completed reload, in  1.314 seconds
Domain Reload Profiling:
	ReloadAssembly (1315ms)
		BeginReloadAssembly (134ms)
			ExecutionOrderSort (0ms)
			DisableScriptedObjects (6ms)
			BackupInstance (0ms)
			ReleaseScriptingObjects (0ms)
			CreateAndSetChildDomain (42ms)
		EndReloadAssembly (1108ms)
			LoadAssemblies (114ms)
			RebuildTransferFunctionScriptingTraits (0ms)
			SetupTypeCache (363ms)
			ReleaseScriptCaches (1ms)
			RebuildScriptCaches (57ms)
			SetupLoadedEditorAssemblies (443ms)
				LogAssemblyErrors (0ms)
				InitializePlatformSupportModulesInManaged (7ms)
				SetLoadedEditorAssemblies (1ms)
				RefreshPlugins (1ms)
				BeforeProcessingInitializeOnLoad (156ms)
				ProcessInitializeOnLoadAttributes (260ms)
				ProcessInitializeOnLoadMethodAttributes (14ms)
				AfterProcessingInitializeOnLoad (5ms)
				EditorAssembliesLoaded (0ms)
			ExecutionOrderSort2 (0ms)
			AwakeInstancesAfterBackupRestoration (3ms)
Platform modules already initialized, skipping
Refreshing native plugins compatible for Editor in 1.82 ms, found 2 plugins.
Preloading 0 native plugins for Editor in 0.00 ms.
Unloading 1315 Unused Serialized files (Serialized files now loaded: 0)
System memory in use before: 67.3 MB.
System memory in use after: 67.4 MB.

Unloading 12 unused Assets to reduce memory usage. Loaded Objects now: 1822.
Total: 3.306000 ms (FindLiveObjects: 0.144300 ms CreateObjectMapping: 0.048800 ms MarkObjects: 2.998900 ms  DeleteObjects: 0.112800 ms)

AssetImportParameters requested are different than current active one (requested -> active):
  custom:framework-win-MediaFoundation: 216162199b28c13a410421893ffa2e32 -> 
  custom:video-decoder-ogg-theora: a1e56fd34408186e4bbccfd4996cb3dc -> 
  custom:container-muxer-webm: aa71ff27fc2769a1b78a27578f13a17b -> 
  custom:container-demuxer-webm: 4f35f7cbe854078d1ac9338744f61a02 -> 
  custom:container-demuxer-ogg: 62fdf1f143b41e24485cea50d1cbac27 -> 
  custom:video-encoder-webm-vp8: eb34c28f22e8b96e1ab97ce403110664 -> 
  custom:video-decoder-webm-vp8: 9c59270c3fd7afecdb556c50c9e8de78 -> 
  custom:audio-decoder-ogg-vorbis: bf7c407c2cedff20999df2af8eb42d56 -> 
  custom:audio-encoder-webm-vorbis: bf7c407c2cedff20999df2af8eb42d56 -> 
========================================================================
Received Prepare
Registering precompiled user dll's ...
Registered in 0.002783 seconds.
Begin MonoManager ReloadAssembly
Native extension for WindowsStandalone target not found
Native extension for WebGL target not found
Refreshing native plugins compatible for Editor in 0.38 ms, found 2 plugins.
Preloading 0 native plugins for Editor in 0.00 ms.
Mono: successfully reloaded assembly
- Completed reload, in  1.424 seconds
Domain Reload Profiling:
	ReloadAssembly (1424ms)
		BeginReloadAssembly (141ms)
			ExecutionOrderSort (0ms)
			DisableScriptedObjects (6ms)
			BackupInstance (0ms)
			ReleaseScriptingObjects (0ms)
			CreateAndSetChildDomain (42ms)
		EndReloadAssembly (1186ms)
			LoadAssemblies (124ms)
			RebuildTransferFunctionScriptingTraits (0ms)
			SetupTypeCache (351ms)
			ReleaseScriptCaches (1ms)
			RebuildScriptCaches (54ms)
			SetupLoadedEditorAssemblies (547ms)
				LogAssemblyErrors (0ms)
				InitializePlatformSupportModulesInManaged (7ms)
				SetLoadedEditorAssemblies (1ms)
				RefreshPlugins (0ms)
				BeforeProcessingInitializeOnLoad (100ms)
				ProcessInitializeOnLoadAttributes (418ms)
				ProcessInitializeOnLoadMethodAttributes (15ms)
				AfterProcessingInitializeOnLoad (5ms)
				EditorAssembliesLoaded (0ms)
			ExecutionOrderSort2 (0ms)
			AwakeInstancesAfterBackupRestoration (4ms)
Platform modules already initialized, skipping
Refreshing native plugins compatible for Editor in 0.74 ms, found 2 plugins.
Preloading 0 native plugins for Editor in 0.00 ms.
Unloading 1315 Unused Serialized files (Serialized files now loaded: 0)
System memory in use before: 67.3 MB.
System memory in use after: 67.4 MB.

Unloading 12 unused Assets to reduce memory usage. Loaded Objects now: 1825.
Total: 2.856600 ms (FindLiveObjects: 0.140300 ms CreateObjectMapping: 0.047600 ms MarkObjects: 2.606100 ms  DeleteObjects: 0.059800 ms)

AssetImportParameters requested are different than current active one (requested -> active):
  custom:framework-win-MediaFoundation: 216162199b28c13a410421893ffa2e32 -> 
  custom:video-decoder-ogg-theora: a1e56fd34408186e4bbccfd4996cb3dc -> 
  custom:container-muxer-webm: aa71ff27fc2769a1b78a27578f13a17b -> 
  custom:container-demuxer-webm: 4f35f7cbe854078d1ac9338744f61a02 -> 
  custom:container-demuxer-ogg: 62fdf1f143b41e24485cea50d1cbac27 -> 
  custom:video-encoder-webm-vp8: eb34c28f22e8b96e1ab97ce403110664 -> 
  custom:video-decoder-webm-vp8: 9c59270c3fd7afecdb556c50c9e8de78 -> 
  custom:audio-decoder-ogg-vorbis: bf7c407c2cedff20999df2af8eb42d56 -> 
  custom:audio-encoder-webm-vorbis: bf7c407c2cedff20999df2af8eb42d56 -> 
========================================================================
Received Prepare
Registering precompiled user dll's ...
Registered in 0.004107 seconds.
Begin MonoManager ReloadAssembly
Native extension for WindowsStandalone target not found
Native extension for WebGL target not found
Refreshing native plugins compatible for Editor in 0.30 ms, found 2 plugins.
Preloading 0 native plugins for Editor in 0.00 ms.
Mono: successfully reloaded assembly
- Completed reload, in  1.118 seconds
Domain Reload Profiling:
	ReloadAssembly (1119ms)
		BeginReloadAssembly (122ms)
			ExecutionOrderSort (0ms)
			DisableScriptedObjects (5ms)
			BackupInstance (0ms)
			ReleaseScriptingObjects (0ms)
			CreateAndSetChildDomain (37ms)
		EndReloadAssembly (930ms)
			LoadAssemblies (106ms)
			RebuildTransferFunctionScriptingTraits (0ms)
			SetupTypeCache (396ms)
			ReleaseScriptCaches (1ms)
			RebuildScriptCaches (46ms)
			SetupLoadedEditorAssemblies (290ms)
				LogAssemblyErrors (0ms)
				InitializePlatformSupportModulesInManaged (6ms)
				SetLoadedEditorAssemblies (1ms)
				RefreshPlugins (0ms)
				BeforeProcessingInitializeOnLoad (79ms)
				ProcessInitializeOnLoadAttributes (191ms)
				ProcessInitializeOnLoadMethodAttributes (9ms)
				AfterProcessingInitializeOnLoad (5ms)
				EditorAssembliesLoaded (0ms)
			ExecutionOrderSort2 (0ms)
			AwakeInstancesAfterBackupRestoration (2ms)
Platform modules already initialized, skipping
Refreshing native plugins compatible for Editor in 0.30 ms, found 2 plugins.
Preloading 0 native plugins for Editor in 0.00 ms.
Unloading 1315 Unused Serialized files (Serialized files now loaded: 0)
System memory in use before: 67.3 MB.
System memory in use after: 67.4 MB.

Unloading 12 unused Assets to reduce memory usage. Loaded Objects now: 1828.
Total: 2.851900 ms (FindLiveObjects: 0.132100 ms CreateObjectMapping: 0.040200 ms MarkObjects: 2.624900 ms  DeleteObjects: 0.054100 ms)

AssetImportParameters requested are different than current active one (requested -> active):
  custom:framework-win-MediaFoundation: 216162199b28c13a410421893ffa2e32 -> 
  custom:video-decoder-ogg-theora: a1e56fd34408186e4bbccfd4996cb3dc -> 
  custom:container-muxer-webm: aa71ff27fc2769a1b78a27578f13a17b -> 
  custom:container-demuxer-webm: 4f35f7cbe854078d1ac9338744f61a02 -> 
  custom:container-demuxer-ogg: 62fdf1f143b41e24485cea50d1cbac27 -> 
  custom:video-encoder-webm-vp8: eb34c28f22e8b96e1ab97ce403110664 -> 
  custom:video-decoder-webm-vp8: 9c59270c3fd7afecdb556c50c9e8de78 -> 
  custom:audio-decoder-ogg-vorbis: bf7c407c2cedff20999df2af8eb42d56 -> 
  custom:audio-encoder-webm-vorbis: bf7c407c2cedff20999df2af8eb42d56 -> 
========================================================================
Received Prepare
Registering precompiled user dll's ...
Registered in 0.002831 seconds.
Begin MonoManager ReloadAssembly
Native extension for WindowsStandalone target not found
Native extension for WebGL target not found
Refreshing native plugins compatible for Editor in 0.32 ms, found 2 plugins.
Preloading 0 native plugins for Editor in 0.00 ms.
Mono: successfully reloaded assembly
- Completed reload, in  1.086 seconds
Domain Reload Profiling:
	ReloadAssembly (1086ms)
		BeginReloadAssembly (143ms)
			ExecutionOrderSort (0ms)
			DisableScriptedObjects (6ms)
			BackupInstance (0ms)
			ReleaseScriptingObjects (0ms)
			CreateAndSetChildDomain (41ms)
		EndReloadAssembly (863ms)
			LoadAssemblies (121ms)
			RebuildTransferFunctionScriptingTraits (0ms)
			SetupTypeCache (316ms)
			ReleaseScriptCaches (1ms)
			RebuildScriptCaches (45ms)
			SetupLoadedEditorAssemblies (306ms)
				LogAssemblyErrors (0ms)
				InitializePlatformSupportModulesInManaged (6ms)
				SetLoadedEditorAssemblies (1ms)
				RefreshPlugins (0ms)
				BeforeProcessingInitializeOnLoad (79ms)
				ProcessInitializeOnLoadAttributes (206ms)
				ProcessInitializeOnLoadMethodAttributes (9ms)
				AfterProcessingInitializeOnLoad (5ms)
				EditorAssembliesLoaded (0ms)
			ExecutionOrderSort2 (0ms)
			AwakeInstancesAfterBackupRestoration (2ms)
Platform modules already initialized, skipping
Refreshing native plugins compatible for Editor in 0.39 ms, found 2 plugins.
Preloading 0 native plugins for Editor in 0.00 ms.
Unloading 1315 Unused Serialized files (Serialized files now loaded: 0)
System memory in use before: 67.3 MB.
System memory in use after: 67.4 MB.

Unloading 12 unused Assets to reduce memory usage. Loaded Objects now: 1831.
Total: 3.344800 ms (FindLiveObjects: 0.132000 ms CreateObjectMapping: 0.038400 ms MarkObjects: 3.081400 ms  DeleteObjects: 0.091700 ms)

AssetImportParameters requested are different than current active one (requested -> active):
  custom:framework-win-MediaFoundation: 216162199b28c13a410421893ffa2e32 -> 
  custom:video-decoder-ogg-theora: a1e56fd34408186e4bbccfd4996cb3dc -> 
  custom:container-muxer-webm: aa71ff27fc2769a1b78a27578f13a17b -> 
  custom:container-demuxer-webm: 4f35f7cbe854078d1ac9338744f61a02 -> 
  custom:container-demuxer-ogg: 62fdf1f143b41e24485cea50d1cbac27 -> 
  custom:video-encoder-webm-vp8: eb34c28f22e8b96e1ab97ce403110664 -> 
  custom:video-decoder-webm-vp8: 9c59270c3fd7afecdb556c50c9e8de78 -> 
  custom:audio-decoder-ogg-vorbis: bf7c407c2cedff20999df2af8eb42d56 -> 
  custom:audio-encoder-webm-vorbis: bf7c407c2cedff20999df2af8eb42d56 -> 
AssetImportWorkerClient::OnTransportError - code=2 error=End of file
